2025-09-04 12:01:53.070 | INFO     | __main__:<module>:41 - Logging to file: logs\project_log.log
2025-09-04 12:01:53.071 | INFO     | __main__:main:63 - STARTING utils_logger.py
2025-09-04 12:01:53.071 | INFO     | __main__:log_example:54 - This is an example info message.
2025-09-04 12:01:53.071 | WARNING  | __main__:log_example:55 - This is an example warning message.
2025-09-04 12:01:53.071 | ERROR    | __main__:log_example:56 - This is an example error message.
2025-09-04 12:01:53.072 | INFO     | __main__:main:68 - View the log output at logs\project_log.log
2025-09-04 12:01:53.072 | INFO     | __main__:main:69 - EXITING utils_logger.py.
2025-09-05 21:19:05.317 | INFO     | utils_logger:<module>:41 - Logging to file: logs\project_log.log
2025-09-05 21:19:05.318 | INFO     | __main__:main:80 - Starting Excel fetch demonstration...
2025-09-05 21:19:05.318 | INFO     | __main__:fetch_excel_file:45 - Fetching Excel data from https://storage.googleapis.com/kagglesdsdata/datasets/5580653/9268756/Compressed/dataset_database.xlsx?......
2025-09-05 21:19:05.884 | ERROR    | __main__:fetch_excel_file:51 - HTTP error occurred: 403 Client Error: Forbidden for url: https://storage.googleapis.com/kagglesdsdata/datasets/5580653/9268756/Compressed/dataset_database.xlsx?...
2025-09-05 21:24:36.058 | INFO     | utils_logger:<module>:41 - Logging to file: logs\project_log.log
2025-09-05 21:24:36.058 | INFO     | __main__:main:80 - Starting Excel fetch demonstration...
2025-09-05 21:24:36.058 | INFO     | __main__:fetch_excel_file:45 - Fetching Excel data from https://github.com/denisecase/datafun-03-analytics/blob/main/hosted/Feedback.xlsx...
2025-09-05 21:24:36.828 | INFO     | __main__:write_excel_file:61 - Writing Excel data to data\dataset_database.xlsx...
2025-09-05 21:24:36.828 | INFO     | __main__:write_excel_file:65 - SUCCESS: Excel data written to data\dataset_database.xlsx
2025-09-05 21:24:36.828 | INFO     | __main__:fetch_excel_file:49 - SUCCESS: Excel file fetched and saved as dataset_database.xlsx
2025-09-05 21:32:37.933 | INFO     | utils_logger:<module>:41 - Logging to file: logs\project_log.log
2025-09-05 21:32:37.933 | INFO     | __main__:main:80 - Starting Excel fetch demonstration...
2025-09-05 21:32:37.933 | INFO     | __main__:fetch_excel_file:45 - Fetching Excel data from https://file-examples.com/storage/fe3d9c3a9e68bb6379572f9/2017/02/file_example_XLSX_10.xlsx...
2025-09-05 21:32:38.823 | INFO     | __main__:write_excel_file:61 - Writing Excel data to data\dataset_database.xlsx...
2025-09-05 21:32:38.823 | INFO     | __main__:write_excel_file:65 - SUCCESS: Excel data written to data\dataset_database.xlsx
2025-09-05 21:32:38.823 | INFO     | __main__:fetch_excel_file:49 - SUCCESS: Excel file fetched and saved as dataset_database.xlsx
2025-09-05 21:33:56.417 | INFO     | utils_logger:<module>:41 - Logging to file: logs\project_log.log
2025-09-05 21:33:56.417 | INFO     | __main__:main:80 - Starting Excel fetch demonstration...
2025-09-05 21:33:56.417 | INFO     | __main__:fetch_excel_file:45 - Fetching Excel data from https://civilrightsdata.ed.gov/assets/for-researchers/appendix/Appendix-C-LEAs-Identified-with-Post-Submission-Data-Quality-Checks.xlsx...
2025-09-05 21:33:58.418 | INFO     | __main__:write_excel_file:61 - Writing Excel data to data\dataset_database.xlsx...
2025-09-05 21:33:58.422 | INFO     | __main__:write_excel_file:65 - SUCCESS: Excel data written to data\dataset_database.xlsx
2025-09-05 21:33:58.423 | INFO     | __main__:fetch_excel_file:49 - SUCCESS: Excel file fetched and saved as dataset_database.xlsx
2025-09-05 21:49:48.042 | INFO     | utils_logger:<module>:41 - Logging to file: logs\project_log.log
2025-09-05 21:49:48.042 | INFO     | __main__:main:80 - Starting Excel fetch demonstration...
2025-09-05 21:49:48.042 | INFO     | __main__:fetch_excel_file:45 - Fetching Excel data from https://people.sc.fsu.edu/~jburkardt/data/csv/airtravel.csv...
2025-09-05 21:49:48.761 | INFO     | __main__:write_excel_file:61 - Writing Excel data to data\travel_database.xlsx...
2025-09-05 21:49:48.761 | INFO     | __main__:write_excel_file:65 - SUCCESS: Excel data written to data\travel_database.xlsx
2025-09-05 21:49:48.761 | INFO     | __main__:fetch_excel_file:49 - SUCCESS: Excel file fetched and saved as travel_database.xlsx
2025-09-05 21:56:05.745 | INFO     | utils_logger:<module>:41 - Logging to file: logs\project_log.log
2025-09-05 21:56:05.745 | INFO     | __main__:main:80 - Starting Excel fetch demonstration...
2025-09-05 21:56:05.745 | INFO     | __main__:fetch_excel_file:45 - Fetching Excel data from https://people.sc.fsu.edu/~jburkardt/data/csv/airtravel.csv...
2025-09-05 21:56:06.444 | INFO     | __main__:write_excel_file:61 - Writing Excel data to data\travel_database.xlsx...
2025-09-05 21:56:06.444 | INFO     | __main__:write_excel_file:65 - SUCCESS: Excel data written to data\travel_database.xlsx
2025-09-05 21:56:06.444 | INFO     | __main__:fetch_excel_file:49 - SUCCESS: Excel file fetched and saved as travel_database.xlsx
2025-09-05 22:01:02.848 | INFO     | utils_logger:<module>:41 - Logging to file: logs\project_log.log
2025-09-05 22:01:02.849 | INFO     | __main__:main:97 - Starting CSV fetch demonstration...
2025-09-05 22:01:02.849 | INFO     | __main__:fetch_csv_file:56 - Fetching CSV data from https://raw.githubusercontent.com/MainakRepositor/Datasets/master/World%20Happiness%20Data/2020.csv...
2025-09-05 22:01:03.371 | INFO     | __main__:write_csv_file:80 - Writing CSV data to data\2020_happiness.csv...
2025-09-05 22:01:03.390 | INFO     | __main__:write_csv_file:84 - SUCCESS: CSV data written to data\2020_happiness.csv
2025-09-05 22:01:03.392 | INFO     | __main__:fetch_csv_file:60 - SUCCESS: CSV file fetched and saved as 2020_happiness.csv
2025-09-05 22:03:31.791 | INFO     | utils_logger:<module>:41 - Logging to file: logs\project_log.log
2025-09-05 22:03:31.791 | INFO     | __main__:main:98 - Starting JSON fetch demonstration...
2025-09-05 22:03:31.791 | INFO     | __main__:fetch_json_file:57 - Fetching JSON data from http://api.open-notify.org/astros.json...
2025-09-05 22:03:33.105 | INFO     | __main__:write_json_file:81 - Writing JSON data to data\astros.json...
2025-09-05 22:03:33.121 | INFO     | __main__:write_json_file:85 - SUCCESS: JSON data written to data\astros.json
2025-09-05 22:03:33.121 | INFO     | __main__:fetch_json_file:61 - SUCCESS: JSON file fetched and saved as astros.json
2025-09-05 22:06:00.370 | INFO     | utils_logger:<module>:41 - Logging to file: logs\project_log.log
2025-09-05 22:06:00.370 | INFO     | __main__:main:97 - Starting text fetch demonstration...
2025-09-05 22:06:00.370 | INFO     | __main__:fetch_txt_file:56 - Fetching text data from https://raw.githubusercontent.com/denisecase/datafun-03-analytics/main/hosted/romeo.txt...
2025-09-05 22:06:01.016 | INFO     | __main__:write_txt_file:80 - Writing data to example_data\romeo.txt...
2025-09-05 22:06:01.019 | INFO     | __main__:write_txt_file:84 - SUCCESS: Data written to example_data\romeo.txt
2025-09-05 22:06:01.019 | INFO     | __main__:fetch_txt_file:60 - SUCCESS: Text file fetched and saved as romeo.txt
2025-09-05 22:06:22.402 | INFO     | utils_logger:<module>:41 - Logging to file: logs\project_log.log
2025-09-05 22:06:22.402 | INFO     | __main__:main:97 - Starting text fetch demonstration...
2025-09-05 22:06:22.402 | INFO     | __main__:fetch_txt_file:56 - Fetching text data from https://raw.githubusercontent.com/denisecase/datafun-03-analytics/main/hosted/romeo.txt...
2025-09-05 22:06:22.949 | INFO     | __main__:write_txt_file:80 - Writing data to data\romeo.txt...
2025-09-05 22:06:22.949 | INFO     | __main__:write_txt_file:84 - SUCCESS: Data written to data\romeo.txt
2025-09-05 22:06:22.949 | INFO     | __main__:fetch_txt_file:60 - SUCCESS: Text file fetched and saved as romeo.txt
2025-09-05 22:07:38.139 | INFO     | utils_logger:<module>:41 - Logging to file: logs\project_log.log
2025-09-05 22:07:38.140 | INFO     | __main__:main:97 - Starting CSV fetch demonstration...
2025-09-05 22:07:38.140 | INFO     | __main__:fetch_csv_file:56 - Fetching CSV data from https://raw.githubusercontent.com/MainakRepositor/Datasets/master/World%20Happiness%20Data/2020.csv...
2025-09-05 22:07:38.605 | INFO     | __main__:write_csv_file:80 - Writing CSV data to example_data\2020_happiness.csv...
2025-09-05 22:07:38.620 | INFO     | __main__:write_csv_file:84 - SUCCESS: CSV data written to example_data\2020_happiness.csv
2025-09-05 22:07:38.620 | INFO     | __main__:fetch_csv_file:60 - SUCCESS: CSV file fetched and saved as 2020_happiness.csv
2025-09-05 22:07:53.596 | INFO     | utils_logger:<module>:41 - Logging to file: logs\project_log.log
2025-09-05 22:07:53.596 | INFO     | __main__:main:97 - Starting CSV fetch demonstration...
2025-09-05 22:07:53.597 | INFO     | __main__:fetch_csv_file:56 - Fetching CSV data from https://raw.githubusercontent.com/MainakRepositor/Datasets/master/World%20Happiness%20Data/2020.csv...
2025-09-05 22:07:54.039 | INFO     | __main__:write_csv_file:80 - Writing CSV data to data\2020_happiness.csv...
2025-09-05 22:07:54.044 | INFO     | __main__:write_csv_file:84 - SUCCESS: CSV data written to data\2020_happiness.csv
2025-09-05 22:07:54.045 | INFO     | __main__:fetch_csv_file:60 - SUCCESS: CSV file fetched and saved as 2020_happiness.csv
2025-09-05 22:11:36.136 | INFO     | utils_logger:<module>:41 - Logging to file: logs\project_log.log
2025-09-05 22:11:36.136 | INFO     | __main__:<module>:97 - Starting CSV processing...
2025-09-05 22:11:36.136 | INFO     | __main__:process_csv_file:90 - Processed CSV file: data\2020_happiness.csv, Statistics saved to: processed\happiness_ladder_score_stats.txt
2025-09-05 22:11:36.136 | INFO     | __main__:<module>:99 - CSV processing complete.
2025-09-05 22:15:04.736 | INFO     | utils_logger:<module>:41 - Logging to file: logs\project_log.log
2025-09-05 22:15:04.736 | INFO     | __main__:main:80 - Starting Excel fetch demonstration...
2025-09-05 22:15:04.737 | INFO     | __main__:fetch_excel_file:45 - Fetching Excel data from https://people.sc.fsu.edu/~jburkardt/data/csv/airtravel.csv...
2025-09-05 22:15:05.465 | INFO     | __main__:write_excel_file:61 - Writing Excel data to data\travel_database.xlsx...
2025-09-05 22:15:05.465 | INFO     | __main__:write_excel_file:65 - SUCCESS: Excel data written to data\travel_database.xlsx
2025-09-05 22:15:05.465 | INFO     | __main__:fetch_excel_file:49 - SUCCESS: Excel file fetched and saved as travel_database.xlsx
2025-09-05 22:16:16.698 | INFO     | utils_logger:<module>:41 - Logging to file: logs\project_log.log
2025-09-05 22:16:16.698 | INFO     | __main__:main:79 - Starting Excel fetch demonstration...
2025-09-05 22:16:16.699 | INFO     | __main__:fetch_excel_file:45 - Fetching Excel data from https://raw.githubusercontent.com/denisecase/datafun-03-analytics/main/hosted/Feedback.xlsx...
2025-09-05 22:16:17.246 | INFO     | __main__:write_excel_file:61 - Writing Excel data to data\Feedback.xlsx...
2025-09-05 22:16:17.246 | INFO     | __main__:write_excel_file:65 - SUCCESS: Excel data written to data\Feedback.xlsx
2025-09-05 22:16:17.246 | INFO     | __main__:fetch_excel_file:49 - SUCCESS: Excel file fetched and saved as Feedback.xlsx
2025-09-05 22:16:44.573 | INFO     | utils_logger:<module>:41 - Logging to file: logs\project_log.log
2025-09-05 22:16:44.573 | INFO     | __main__:main:79 - Starting Excel fetch demonstration...
2025-09-05 22:16:44.573 | INFO     | __main__:fetch_excel_file:45 - Fetching Excel data from https://raw.githubusercontent.com/denisecase/datafun-03-analytics/main/hosted/Feedback.xlsx...
2025-09-05 22:16:45.058 | INFO     | __main__:write_excel_file:61 - Writing Excel data to data\Feedback.xlsx...
2025-09-05 22:16:45.058 | INFO     | __main__:write_excel_file:65 - SUCCESS: Excel data written to data\Feedback.xlsx
2025-09-05 22:16:45.058 | INFO     | __main__:fetch_excel_file:49 - SUCCESS: Excel file fetched and saved as Feedback.xlsx
2025-09-05 22:26:55.673 | INFO     | utils_logger:<module>:41 - Logging to file: logs\project_log.log
2025-09-05 22:26:55.673 | INFO     | __main__:<module>:96 - Starting CSV processing...
2025-09-05 22:26:55.676 | INFO     | __main__:process_csv_file:89 - Processed CSV file: data\2020_happiness.csv, Statistics saved to: processed\happiness_ladder_score_stats.txt
2025-09-05 22:26:55.676 | INFO     | __main__:<module>:98 - CSV processing complete.
2025-09-05 22:29:49.573 | INFO     | utils_logger:<module>:41 - Logging to file: logs\project_log.log
2025-09-05 22:29:49.573 | INFO     | __main__:<module>:82 - Starting Excel processing...
2025-09-05 22:29:49.605 | INFO     | __main__:process_excel_file:75 - Processed Excel file: data\Feedback.xlsx, Word count saved to: processed\excel_feedback_github_count.txt
2025-09-05 22:29:49.606 | INFO     | __main__:<module>:84 - Excel processing complete.
2025-09-05 22:30:10.557 | INFO     | utils_logger:<module>:41 - Logging to file: logs\project_log.log
2025-09-05 22:30:10.557 | INFO     | __main__:<module>:117 - Starting JSON processing...
2025-09-05 22:30:10.580 | INFO     | __main__:process_json_file:110 - Processed JSON file: data\astros.json, Results saved to: processed\json_astronauts_by_craft.txt
2025-09-05 22:30:10.581 | INFO     | __main__:<module>:119 - JSON processing complete.
2025-09-05 22:30:31.610 | INFO     | utils_logger:<module>:41 - Logging to file: logs\project_log.log
2025-09-05 22:30:31.610 | INFO     | __main__:<module>:70 - Starting text processing...
2025-09-05 22:30:31.620 | INFO     | __main__:process_text_file:63 - Processed text file: data\romeo.txt, Word count saved to: processed\text_romeo_word_count.txt
2025-09-05 22:30:31.620 | INFO     | __main__:<module>:72 - Text processing complete.
2025-09-06 00:39:32.363 | INFO     | utils_logger:<module>:41 - Logging to file: logs\project_log.log
2025-09-06 00:39:32.364 | INFO     | __main__:main:163 - ======== START abdellah_project (processors only) ========
2025-09-06 00:39:32.364 | INFO     | __main__:process_csv_happiness:51 - Starting CSV processing (Happiness)…
2025-09-06 00:39:32.368 | INFO     | __main__:process_csv_happiness:85 - CSV processing complete. Wrote: processed\happiness_ladder_score_stats.txt
2025-09-06 00:39:32.369 | INFO     | __main__:process_excel_feedback:94 - Starting Excel processing…
2025-09-06 00:39:32.786 | INFO     | __main__:process_excel_feedback:104 - Excel processing complete. Wrote: processed\excel_feedback_github_count.txt
2025-09-06 00:39:32.787 | INFO     | __main__:process_json_astronauts_by_craft:113 - Starting JSON processing…
2025-09-06 00:39:32.789 | INFO     | __main__:process_json_astronauts_by_craft:128 - JSON processing complete. Wrote: processed\json_astronauts_by_craft.txt
2025-09-06 00:39:32.789 | INFO     | __main__:process_text_romeo_wordcount:137 - Starting TEXT processing…
2025-09-06 00:39:32.805 | INFO     | __main__:process_text_romeo_wordcount:158 - TEXT processing complete. Wrote: processed\text_romeo_word_count.txt
2025-09-06 00:39:32.806 | INFO     | __main__:main:169 - Outputs generated:
2025-09-06 00:39:32.806 | INFO     | __main__:main:170 -  - processed\happiness_ladder_score_stats.txt
2025-09-06 00:39:32.806 | INFO     | __main__:main:171 -  - processed\excel_feedback_github_count.txt
2025-09-06 00:39:32.807 | INFO     | __main__:main:172 -  - processed\json_astronauts_by_craft.txt
2025-09-06 00:39:32.807 | INFO     | __main__:main:173 -  - processed\text_romeo_word_count.txt
2025-09-06 00:39:32.807 | INFO     | __main__:main:174 - ======== END abdellah_project ========
2025-09-06 01:04:26.641 | INFO     | utils_logger:<module>:41 - Logging to file: logs\project_log.log
2025-09-06 01:04:26.641 | INFO     | __main__:main:117 - === Starting Project ===
2025-09-06 01:04:26.642 | INFO     | __main__:main:119 - === Project Complete ===
